<?xml version="1.0" encoding="utf-8"?><testsuites name="pytest tests"><testsuite name="pytest" errors="0" failures="0" skipped="0" tests="31" time="10.010" timestamp="2026-08-14T10:50:04.213316+00:00" hostname="agent-env-f5033a39-0574-439a-9ecb-bf503f651358"><testcase classname="tests.backend_test.TestCartVariants" name="test_cart_requires_auth" time="0.324" /><testcase classname="tests.test_iter4_guest_flow" name="test_razorpay_config_enabled" time="0.313" /><testcase classname="tests.test_iter4_guest_flow" name="test_guest_checkout_mock_card_end_to_end" time="1.202" /><testcase classname="tests.backend_test.TestCartVariants" name="test_add_same_product_same_variant_increments" time="1.254" /><testcase classname="tests.test_iter4_guest_flow" name="test_guest_checkout_separate_billing_address" time="0.125" /><testcase classname="tests.backend_test.TestCartVariants" name="test_add_same_product_different_variant_creates_new_line" time="0.432" /><testcase classname="tests.test_iter4_guest_flow" name="test_guest_lookup_success_and_wrong_email" time="0.732" /><testcase classname="tests.backend_test.TestCartVariants" name="test_update_updates_only_matching_variant" time="0.482" /><testcase classname="tests.test_iter4_guest_flow" name="test_guest_razorpay_create_returns_order_id" time="1.078" /><testcase classname="tests.backend_test.TestCartVariants" name="test_remove_removes_only_matching_variant" time="1.605" /><testcase classname="tests.test_iter4_guest_flow" name="test_cart_merge_endpoint" time="0.677" /><testcase classname="tests.backend_test.TestCartVariants" name="test_get_cart_returns_variant_and_unit_price" time="0.476" /><testcase classname="tests.test_iter4_guest_flow" name="test_cart_merge_requires_auth" time="0.321" /><testcase classname="tests.test_iter4_guest_flow" name="test_guest_checkout_empty_cart" time="0.608" /><testcase classname="tests.backend_test.TestCheckout" name="test_checkout_under_threshold_charges_flat_shipping" time="1.233" /><testcase classname="tests.backend_test.TestAuth" name="test_register_sets_cookies" time="0.401" /><testcase classname="tests.backend_test.TestAuth" name="test_login_wrong_password" time="0.720" /><testcase classname="tests.backend_test.TestCheckout" name="test_checkout_over_threshold_free_shipping" time="0.901" /><testcase classname="tests.backend_test.TestAuth" name="test_me_requires_cookies" time="0.865" /><testcase classname="tests.backend_test.TestCheckout" name="test_checkout_uses_variant_unit_price_not_base" time="0.446" /><testcase classname="tests.backend_test.TestAuth" name="test_admin_login" time="0.387" /><testcase classname="tests.backend_test.TestCheckout" name="test_checkout_empty_cart_400" time="0.718" /><testcase classname="tests.backend_test.TestAuth" name="test_bcrypt_hash_format" time="0.435" /><testcase classname="tests.backend_test.TestProducts" name="test_categories_include_iwi_three" time="0.106" /><testcase classname="tests.backend_test.TestCheckout" name="test_my_orders_preserves_variant_label" time="0.677" /><testcase classname="tests.backend_test.TestProducts" name="test_size_variants_persist" time="0.905" /><testcase classname="tests.backend_test.TestProducts" name="test_non_admin_cannot_create" time="0.049" /><testcase classname="tests.backend_test.TestCheckout" name="test_admin_orders_requires_admin" time="0.611" /><testcase classname="tests.backend_test.TestProducts" name="test_invalid_id_400" time="0.106" /><testcase classname="tests.backend_test.TestProducts" name="test_not_found_404" time="0.161" /><testcase classname="tests.backend_test.TestShippingConfig" name="test_shipping_config_from_env" time="0.257" /></testsuite></testsuites>