<?xml version="1.0" encoding="utf-8"?><testsuites name="pytest tests"><testsuite name="pytest" errors="0" failures="0" skipped="0" tests="35" time="10.701" timestamp="2026-08-14T11:26:19.193258+00:00" hostname="agent-env-f5033a39-0574-439a-9ecb-bf503f651358"><testcase classname="tests.backend_test.TestCartVariants" name="test_cart_requires_auth" time="0.153" /><testcase classname="tests.test_iter4_guest_flow" name="test_razorpay_config_enabled" time="0.162" /><testcase classname="tests.backend_test.TestCartVariants" name="test_add_same_product_same_variant_increments" time="1.033" /><testcase classname="tests.test_iter4_guest_flow" name="test_guest_checkout_mock_card_end_to_end" time="1.384" /><testcase classname="tests.backend_test.TestCartVariants" name="test_add_same_product_different_variant_creates_new_line" time="0.508" /><testcase classname="tests.test_iter4_guest_flow" name="test_guest_checkout_separate_billing_address" time="0.140" /><testcase classname="tests.test_iter4_guest_flow" name="test_guest_lookup_success_and_wrong_email" time="0.665" /><testcase classname="tests.backend_test.TestCartVariants" name="test_update_updates_only_matching_variant" time="0.543" /><testcase classname="tests.backend_test.TestCartVariants" name="test_remove_removes_only_matching_variant" time="1.592" /><testcase classname="tests.test_iter4_guest_flow" name="test_guest_razorpay_create_returns_order_id" time="1.128" /><testcase classname="tests.test_iter4_guest_flow" name="test_cart_merge_endpoint" time="0.808" /><testcase classname="tests.backend_test.TestCartVariants" name="test_get_cart_returns_variant_and_unit_price" time="0.448" /><testcase classname="tests.backend_test.TestCheckout" name="test_checkout_under_threshold_charges_flat_shipping" time="0.539" /><testcase classname="tests.test_iter4_guest_flow" name="test_cart_merge_requires_auth" time="0.093" /><testcase classname="tests.test_iter4_guest_flow" name="test_guest_checkout_empty_cart" time="0.388" /><testcase classname="tests.backend_test.TestAuth" name="test_register_sets_cookies" time="0.383" /><testcase classname="tests.backend_test.TestCheckout" name="test_checkout_over_threshold_free_shipping" time="0.868" /><testcase classname="tests.backend_test.TestAuth" name="test_login_wrong_password" time="0.765" /><testcase classname="tests.backend_test.TestCheckout" name="test_checkout_uses_variant_unit_price_not_base" time="0.827" /><testcase classname="tests.backend_test.TestAuth" name="test_me_requires_cookies" time="0.626" /><testcase classname="tests.backend_test.TestCheckout" name="test_checkout_empty_cart_400" time="0.551" /><testcase classname="tests.backend_test.TestAuth" name="test_admin_login" time="0.516" /><testcase classname="tests.backend_test.TestAuth" name="test_bcrypt_hash_format" time="0.569" /><testcase classname="tests.backend_test.TestCheckout" name="test_my_orders_preserves_variant_label" time="0.755" /><testcase classname="tests.backend_test.TestProducts" name="test_categories_include_iwi_three" time="0.157" /><testcase classname="tests.backend_test.TestProducts" name="test_size_variants_persist" time="0.951" /><testcase classname="tests.backend_test.TestCheckout" name="test_admin_orders_requires_admin" time="0.944" /><testcase classname="tests.backend_test.TestProducts" name="test_non_admin_cannot_create" time="0.047" /><testcase classname="tests.test_iter7_samesite_cookie.TestLiveSameSiteNone" name="test_login_cookie_has_samesite_none_and_secure" time="0.335" /><testcase classname="tests.backend_test.TestProducts" name="test_invalid_id_400" time="0.311" /><testcase classname="tests.backend_test.TestProducts" name="test_not_found_404" time="0.107" /><testcase classname="tests.test_iter7_samesite_cookie.TestLiveSameSiteNone" name="test_auth_me_still_works_same_origin" time="0.383" /><testcase classname="tests.backend_test.TestShippingConfig" name="test_shipping_config_from_env" time="0.227" /><testcase classname="tests.test_iter7_samesite_cookie.TestSetAuthCookiesHelper" name="test_default_fallback_is_lax" time="0.000" /><testcase classname="tests.test_iter7_samesite_cookie.TestSetAuthCookiesHelper" name="test_none_forces_secure" time="0.000" /></testsuite></testsuites>