<?xml version="1.0" encoding="utf-8"?><testsuites name="pytest tests"><testsuite name="pytest" errors="0" failures="7" skipped="0" tests="46" time="14.018" timestamp="2026-08-14T10:34:22.866639+00:00" hostname="agent-env-f5033a39-0574-439a-9ecb-bf503f651358"><testcase classname="tests.test_iter4_guest_flow" name="test_razorpay_config_enabled" time="0.301" /><testcase classname="tests.backend_test.TestCartVariants" name="test_cart_requires_auth" time="0.339" /><testcase classname="tests.test_iter4_guest_flow" name="test_guest_checkout_mock_card_end_to_end" time="1.460" /><testcase classname="tests.backend_test.TestCartVariants" name="test_add_same_product_same_variant_increments" time="1.086" /><testcase classname="tests.backend_test.TestCartVariants" name="test_add_same_product_different_variant_creates_new_line" time="0.457" /><testcase classname="tests.test_iter4_guest_flow" name="test_guest_checkout_separate_billing_address" time="0.140" /><testcase classname="tests.backend_test.TestCartVariants" name="test_update_updates_only_matching_variant" time="0.549" /><testcase classname="tests.test_iter4_guest_flow" name="test_guest_lookup_success_and_wrong_email" time="0.527" /><testcase classname="tests.test_iter4_guest_flow" name="test_guest_razorpay_create_returns_order_id" time="1.294" /><testcase classname="tests.backend_test.TestCartVariants" name="test_remove_removes_only_matching_variant" time="1.644" /><testcase classname="tests.test_iter4_guest_flow" name="test_cart_merge_endpoint" time="0.717" /><testcase classname="tests.backend_test.TestCartVariants" name="test_get_cart_returns_variant_and_unit_price" time="0.471" /><testcase classname="tests.test_iter4_guest_flow" name="test_cart_merge_requires_auth" time="0.102" /><testcase classname="tests.test_iter4_guest_flow" name="test_guest_checkout_empty_cart" time="0.340" /><testcase classname="tests.backend_test.TestCheckout" name="test_checkout_under_threshold_charges_flat_shipping" time="0.748" /><testcase classname="tests.backend_test.TestAuth" name="test_register_sets_cookies" time="0.347" /><testcase classname="tests.backend_test.TestAuth" name="test_login_wrong_password" time="0.846" /><testcase classname="tests.backend_test.TestCheckout" name="test_checkout_over_threshold_free_shipping" time="0.877" /><testcase classname="tests.backend_test.TestCheckout" name="test_checkout_uses_variant_unit_price_not_base" time="0.704" /><testcase classname="tests.backend_test.TestAuth" name="test_me_requires_cookies" time="0.737" /><testcase classname="tests.backend_test.TestAuth" name="test_admin_login" time="0.333" /><testcase classname="tests.backend_test.TestCheckout" name="test_checkout_empty_cart_400" time="0.741" /><testcase classname="tests.backend_test.TestAuth" name="test_bcrypt_hash_format" time="0.469" /><testcase classname="tests.backend_test.TestProducts" name="test_categories_include_iwi_three" time="0.108" /><testcase classname="tests.backend_test.TestCheckout" name="test_my_orders_preserves_variant_label" time="0.702" /><testcase classname="tests.backend_test.TestProducts" name="test_size_variants_persist" time="0.978" /><testcase classname="tests.backend_test.TestCheckout" name="test_admin_orders_requires_admin" time="0.806" /><testcase classname="tests.backend_test.TestProducts" name="test_non_admin_cannot_create" time="0.062" /><testcase classname="tests.backend_test.TestProducts" name="test_invalid_id_400" time="0.105" /><testcase classname="tests.backend_test.TestProducts" name="test_not_found_404" time="0.140" /><testcase classname="tests.test_iter3_reviews_razorpay_cors.TestRazorpayUnconfigured" name="test_public_config_disabled" time="0.147"><failure message="AssertionError: assert 'rzp_test_TF1GThmu5mJ6Ns' == ''&#10;  &#10;  + rzp_test_TF1GThmu5mJ6Ns">backend/tests/test_iter3_reviews_razorpay_cors.py:90: in test_public_config_disabled
    assert d.get("key_id") == ""
E   AssertionError: assert 'rzp_test_TF1GThmu5mJ6Ns' == ''
E     
E     + rzp_test_TF1GThmu5mJ6Ns</failure></testcase><testcase classname="tests.test_iter3_reviews_razorpay_cors.TestRazorpayUnconfigured" name="test_create_razorpay_503_when_unconfigured" time="0.556"><failure message="AssertionError: {&quot;detail&quot;:&quot;Cart is empty&quot;}&#10;assert 400 == 503&#10; +  where 400 = &lt;Response [400]&gt;.status_code">backend/tests/test_iter3_reviews_razorpay_cors.py:99: in test_create_razorpay_503_when_unconfigured
    assert r.status_code == 503, r.text
E   AssertionError: {"detail":"Cart is empty"}
E   assert 400 == 503
E    +  where 400 = &lt;Response [400]&gt;.status_code</failure></testcase><testcase classname="tests.test_iter3_reviews_razorpay_cors.TestReviewsGating" name="test_list_reviews_empty_public" time="0.665" /><testcase classname="tests.test_iter3_reviews_razorpay_cors.TestRazorpayUnconfigured" name="test_verify_razorpay_503_when_unconfigured" time="0.361"><failure message="AssertionError: {&quot;detail&quot;:&quot;Invalid payment signature&quot;}&#10;assert 400 == 503&#10; +  where 400 = &lt;Response [400]&gt;.status_code">backend/tests/test_iter3_reviews_razorpay_cors.py:111: in test_verify_razorpay_503_when_unconfigured
    assert r.status_code == 503, r.text
E   AssertionError: {"detail":"Invalid payment signature"}
E   assert 400 == 503
E    +  where 400 = &lt;Response [400]&gt;.status_code</failure></testcase><testcase classname="tests.test_iter3_reviews_razorpay_cors.TestReviewsGating" name="test_eligibility_requires_auth" time="0.268" /><testcase classname="tests.test_iter3_reviews_razorpay_cors.TestReviewsGating" name="test_eligibility_for_fresh_user" time="0.395" /><testcase classname="tests.test_iter3_reviews_razorpay_cors.TestRazorpayUnconfigured" name="test_razorpay_endpoints_require_auth" time="0.447" /><testcase classname="tests.test_iter3_reviews_razorpay_cors.TestReviewsGating" name="test_non_purchaser_cannot_review" time="0.408" /><testcase classname="tests.test_iter3_reviews_razorpay_cors.TestCORSLockdown" name="test_allowed_origin_echoed" time="0.257"><failure message="AssertionError: Expected explicit allowed origin, got: '*'&#10;assert '*' == 'https://shop...gentagent.com'&#10;  &#10;  - https://shop-engine-57.preview.emergentagent.com&#10;  + *">backend/tests/test_iter3_reviews_razorpay_cors.py:240: in test_allowed_origin_echoed
    assert aco == ALLOWED_ORIGIN, f"Expected explicit allowed origin, got: {aco!r}"
E   AssertionError: Expected explicit allowed origin, got: '*'
E   assert '*' == 'https://shop...gentagent.com'
E     
E     - https://shop-engine-57.preview.emergentagent.com
E     + *</failure></testcase><testcase classname="tests.test_iter3_reviews_razorpay_cors.TestCORSLockdown" name="test_disallowed_origin_no_cors" time="0.116"><failure message="AssertionError: CORS is a wildcard — should be locked down&#10;assert '*' != '*'">backend/tests/test_iter3_reviews_razorpay_cors.py:250: in test_disallowed_origin_no_cors
    assert aco != "*", "CORS is a wildcard — should be locked down"
E   AssertionError: CORS is a wildcard — should be locked down
E   assert '*' != '*'</failure></testcase><testcase classname="tests.test_iter3_reviews_razorpay_cors.TestReviewsGating" name="test_post_review_requires_auth" time="0.104" /><testcase classname="tests.test_iter3_reviews_razorpay_cors.TestCORSLockdown" name="test_preflight_allowed_origin" time="0.067"><failure message="AssertionError: assert '*' == 'https://shop...gentagent.com'&#10;  &#10;  - https://shop-engine-57.preview.emergentagent.com&#10;  + *">backend/tests/test_iter3_reviews_razorpay_cors.py:262: in test_preflight_allowed_origin
    assert aco == ALLOWED_ORIGIN
E   AssertionError: assert '*' == 'https://shop...gentagent.com'
E     
E     - https://shop-engine-57.preview.emergentagent.com
E     + *</failure></testcase><testcase classname="tests.test_iter3_reviews_razorpay_cors.TestVerifiedPurchaserFlow" name="test_e2e_verified_review_and_recompute" time="1.216" /><testcase classname="tests.backend_test.TestShippingConfig" name="test_shipping_config_from_env" time="0.138" /><testcase classname="tests.test_iter3_reviews_razorpay_cors.TestSecureCookie" name="test_login_sets_secure_httponly_cookie" time="0.496"><failure message="AssertionError: SameSite=lax missing: 'access_token=eyJhbGciOiJIUzI1NiIsInR5cCI6IkpXVCJ9.eyJzdWIiOiI2YTViOGNmMDFjNzRkMjc0YTkwMGVkMTEiLCJlbWFpbCI6ImFkbWluQHNob3AuY29tIiwicm9sZSI6ImFkbWluIiwiZXhwIjoxNzg2NzkwMDc0LCJ0eXBlIjoiYWNjZXNzIn0.zoqcvGuYOGB-CApIBxqR2MO1PL-g5peu_EvFYc_5TqU; HttpOnly; Max-Age=86400; Path=/; Secure; SameSite=None; Partitioned'&#10;assert None&#10; +  where None = &lt;function search at 0xfcbbc51c7920&gt;('SameSite=lax', 'access_token=eyJhbGciOiJIUzI1NiIsInR5cCI6IkpXVCJ9.eyJzdWIiOiI2YTViOGNmMDFjNzRkMjc0YTkwMGVkMTEiLCJlbWFpbCI6ImFkbWluQHNob3AuY29tIiwicm9sZSI6ImFkbWluIiwiZXhwIjoxNzg2NzkwMDc0LCJ0eXBlIjoiYWNjZXNzIn0.zoqcvGuYOGB-CApIBxqR2MO1PL-g5peu_EvFYc_5TqU; HttpOnly; Max-Age=86400; Path=/; Secure; SameSite=None; Partitioned', re.IGNORECASE)&#10; +    where &lt;function search at 0xfcbbc51c7920&gt; = re.search&#10; +    and   re.IGNORECASE = re.IGNORECASE">backend/tests/test_iter3_reviews_razorpay_cors.py:282: in test_login_sets_secure_httponly_cookie
    assert re.search(r"SameSite=lax", access_line, re.IGNORECASE), f"SameSite=lax missing: {access_line!r}"
E   AssertionError: SameSite=lax missing: 'access_token=eyJhbGciOiJIUzI1NiIsInR5cCI6IkpXVCJ9.eyJzdWIiOiI2YTViOGNmMDFjNzRkMjc0YTkwMGVkMTEiLCJlbWFpbCI6ImFkbWluQHNob3AuY29tIiwicm9sZSI6ImFkbWluIiwiZXhwIjoxNzg2NzkwMDc0LCJ0eXBlIjoiYWNjZXNzIn0.zoqcvGuYOGB-CApIBxqR2MO1PL-g5peu_EvFYc_5TqU; HttpOnly; Max-Age=86400; Path=/; Secure; SameSite=None; Partitioned'
E   assert None
E    +  where None = &lt;function search at 0xfcbbc51c7920&gt;('SameSite=lax', 'access_token=eyJhbGciOiJIUzI1NiIsInR5cCI6IkpXVCJ9.eyJzdWIiOiI2YTViOGNmMDFjNzRkMjc0YTkwMGVkMTEiLCJlbWFpbCI6ImFkbWluQHNob3AuY29tIiwicm9sZSI6ImFkbWluIiwiZXhwIjoxNzg2NzkwMDc0LCJ0eXBlIjoiYWNjZXNzIn0.zoqcvGuYOGB-CApIBxqR2MO1PL-g5peu_EvFYc_5TqU; HttpOnly; Max-Age=86400; Path=/; Secure; SameSite=None; Partitioned', re.IGNORECASE)
E    +    where &lt;function search at 0xfcbbc51c7920&gt; = re.search
E    +    and   re.IGNORECASE = re.IGNORECASE</failure></testcase><testcase classname="tests.test_iter3_reviews_razorpay_cors.TestVerifiedPurchaserFlow" name="test_rating_averages_across_two_purchasers" time="1.302" /></testsuite></testsuites>