<?xml version="1.0" encoding="utf-8"?><testsuites name="pytest tests"><testsuite name="pytest" errors="0" failures="0" skipped="0" tests="43" time="26.934" timestamp="2026-08-14T12:39:08.256267+00:00" hostname="agent-env-f5033a39-0574-439a-9ecb-bf503f651358"><testcase classname="tests.test_iter4_guest_flow" name="test_razorpay_config_enabled" time="0.176" /><testcase classname="tests.backend_test.TestCartVariants" name="test_cart_requires_auth" time="0.235" /><testcase classname="tests.test_iter4_guest_flow" name="test_guest_checkout_mock_card_end_to_end" time="1.181" /><testcase classname="tests.backend_test.TestCartVariants" name="test_add_same_product_same_variant_increments" time="1.316" /><testcase classname="tests.test_iter4_guest_flow" name="test_guest_checkout_separate_billing_address" time="0.146" /><testcase classname="tests.test_iter4_guest_flow" name="test_guest_lookup_success_and_wrong_email" time="0.582" /><testcase classname="tests.backend_test.TestCartVariants" name="test_add_same_product_different_variant_creates_new_line" time="0.550" /><testcase classname="tests.test_iter4_guest_flow" name="test_guest_razorpay_create_returns_order_id" time="0.938" /><testcase classname="tests.backend_test.TestCartVariants" name="test_update_updates_only_matching_variant" time="1.592" /><testcase classname="tests.test_iter4_guest_flow" name="test_cart_merge_endpoint" time="0.715" /><testcase classname="tests.backend_test.TestCartVariants" name="test_remove_removes_only_matching_variant" time="0.580" /><testcase classname="tests.test_iter4_guest_flow" name="test_cart_merge_requires_auth" time="0.322" /><testcase classname="tests.test_iter4_guest_flow" name="test_guest_checkout_empty_cart" time="0.238" /><testcase classname="tests.backend_test.TestCartVariants" name="test_get_cart_returns_variant_and_unit_price" time="0.668" /><testcase classname="tests.backend_test.TestAuth" name="test_register_sets_cookies" time="0.573" /><testcase classname="tests.backend_test.TestAuth" name="test_login_wrong_password" time="0.848" /><testcase classname="tests.backend_test.TestCheckout" name="test_checkout_under_threshold_charges_flat_shipping" time="0.902" /><testcase classname="tests.backend_test.TestCheckout" name="test_checkout_over_threshold_free_shipping" time="0.986" /><testcase classname="tests.backend_test.TestAuth" name="test_me_requires_cookies" time="0.723" /><testcase classname="tests.backend_test.TestAuth" name="test_admin_login" time="0.377" /><testcase classname="tests.backend_test.TestAuth" name="test_bcrypt_hash_format" time="0.384" /><testcase classname="tests.backend_test.TestCheckout" name="test_checkout_uses_variant_unit_price_not_base" time="0.770" /><testcase classname="tests.backend_test.TestProducts" name="test_categories_include_iwi_three" time="0.260" /><testcase classname="tests.backend_test.TestCheckout" name="test_checkout_empty_cart_400" time="0.533" /><testcase classname="tests.backend_test.TestProducts" name="test_size_variants_persist" time="0.770" /><testcase classname="tests.backend_test.TestCheckout" name="test_my_orders_preserves_variant_label" time="0.577" /><testcase classname="tests.backend_test.TestProducts" name="test_non_admin_cannot_create" time="0.240" /><testcase classname="tests.backend_test.TestProducts" name="test_invalid_id_400" time="0.181" /><testcase classname="tests.backend_test.TestProducts" name="test_not_found_404" time="0.141" /><testcase classname="tests.test_iter8_password_reset.TestForgotPassword" name="test_forgot_existing_email_returns_standard_message_and_creates_token" time="1.255" /><testcase classname="tests.backend_test.TestCheckout" name="test_admin_orders_requires_admin" time="1.199" /><testcase classname="tests.test_iter8_password_reset.TestResetPassword" name="test_valid_token_resets_password_and_old_password_rejected" time="3.280" /><testcase classname="tests.test_iter8_password_reset.TestForgotPassword" name="test_forgot_nonexistent_email_returns_same_message_and_no_record" time="0.545" /><testcase classname="tests.test_iter8_password_reset.TestForgotPassword" name="test_forgot_log_contains_reset_link_when_smtp_unconfigured" time="1.835" /><testcase classname="tests.test_iter7_samesite_cookie.TestLiveSameSiteNone" name="test_login_cookie_has_samesite_none_and_secure" time="0.519" /><testcase classname="tests.test_iter7_samesite_cookie.TestLiveSameSiteNone" name="test_auth_me_still_works_same_origin" time="0.713" /><testcase classname="tests.test_iter8_password_reset.TestResetPassword" name="test_same_token_cannot_be_reused" time="4.451" /><testcase classname="tests.test_iter7_samesite_cookie.TestSetAuthCookiesHelper" name="test_default_fallback_is_lax" time="0.000" /><testcase classname="tests.test_iter7_samesite_cookie.TestSetAuthCookiesHelper" name="test_none_forces_secure" time="0.000" /><testcase classname="tests.backend_test.TestShippingConfig" name="test_shipping_config_from_env" time="0.122" /><testcase classname="tests.test_iter8_password_reset.TestResetPassword" name="test_random_token_returns_400" time="2.402" /><testcase classname="tests.test_iter8_password_reset.TestResetPassword" name="test_short_password_rejected_by_validation" time="0.132" /><testcase classname="tests.test_iter8_password_reset.TestResetPassword" name="test_other_unused_tokens_are_invalidated_after_reset" time="5.513" /></testsuite></testsuites>