<?xml version="1.0" encoding="utf-8"?><testsuites name="pytest tests"><testsuite name="pytest" errors="0" failures="0" skipped="0" tests="8" time="3.896" timestamp="2026-08-14T09:17:44.359298+00:00" hostname="agent-env-f5033a39-0574-439a-9ecb-bf503f651358"><testcase classname="tests.test_iter4_guest_flow" name="test_razorpay_config_enabled" time="0.204" /><testcase classname="tests.test_iter4_guest_flow" name="test_guest_checkout_mock_card_end_to_end" time="0.809" /><testcase classname="tests.test_iter4_guest_flow" name="test_guest_checkout_separate_billing_address" time="0.117" /><testcase classname="tests.test_iter4_guest_flow" name="test_guest_lookup_success_and_wrong_email" time="0.407" /><testcase classname="tests.test_iter4_guest_flow" name="test_guest_razorpay_create_returns_order_id" time="0.968" /><testcase classname="tests.test_iter4_guest_flow" name="test_cart_merge_endpoint" time="0.569" /><testcase classname="tests.test_iter4_guest_flow" name="test_cart_merge_requires_auth" time="0.148" /><testcase classname="tests.test_iter4_guest_flow" name="test_guest_checkout_empty_cart" time="0.174" /></testsuite></testsuites>