<?xml version="1.0" encoding="utf-8"?><testsuites name="pytest tests"><testsuite name="pytest" errors="0" failures="0" skipped="0" tests="21" time="7.976" timestamp="2026-07-18T14:29:49.497751+00:00" hostname="agent-env-f5033a39-0574-439a-9ecb-bf503f651358"><testcase classname="tests.backend_test.TestAuth" name="test_register_creates_customer_and_sets_cookies" time="0.584" /><testcase classname="tests.backend_test.TestProducts" name="test_non_admin_cannot_create" time="0.581" /><testcase classname="tests.backend_test.TestAuth" name="test_register_duplicate_returns_400" time="0.414" /><testcase classname="tests.backend_test.TestProducts" name="test_unauth_cannot_create" time="0.321" /><testcase classname="tests.backend_test.TestAuth" name="test_login_success_and_wrong_password" time="1.165" /><testcase classname="tests.backend_test.TestProducts" name="test_admin_can_create_update_delete" time="1.980" /><testcase classname="tests.backend_test.TestAuth" name="test_me_requires_cookies" time="0.642" /><testcase classname="tests.backend_test.TestAuth" name="test_logout_clears_cookies" time="0.527" /><testcase classname="tests.backend_test.TestProducts" name="test_invalid_id_returns_400" time="0.278" /><testcase classname="tests.backend_test.TestProducts" name="test_not_found_returns_404" time="0.094" /><testcase classname="tests.backend_test.TestProducts" name="test_categories_endpoint" time="0.149" /><testcase classname="tests.backend_test.TestAuth" name="test_admin_login" time="0.360" /><testcase classname="tests.backend_test.TestProducts" name="test_list_filters_and_sort" time="1.611" /><testcase classname="tests.backend_test.TestOrders" name="test_checkout_free_shipping_over_35" time="0.935" /><testcase classname="tests.backend_test.TestOrders" name="test_checkout_shipping_under_35" time="0.606" /><testcase classname="tests.backend_test.TestCart" name="test_cart_requires_auth" time="0.213" /><testcase classname="tests.backend_test.TestCart" name="test_cart_add_update_remove_clear" time="1.049" /><testcase classname="tests.backend_test.TestOrders" name="test_checkout_empty_cart" time="0.585" /><testcase classname="tests.backend_test.TestOrders" name="test_my_orders_isolated" time="1.310" /><testcase classname="tests.backend_test.TestCart" name="test_add_invalid_product" time="0.656" /><testcase classname="tests.backend_test.TestOrders" name="test_admin_orders_requires_admin" time="0.265" /></testsuite></testsuites>