<?xml version="1.0" encoding="utf-8"?><testsuites name="pytest tests"><testsuite name="pytest" errors="0" failures="0" skipped="0" tests="23" time="7.297" timestamp="2026-07-18T14:51:19.913049+00:00" hostname="agent-env-f5033a39-0574-439a-9ecb-bf503f651358"><testcase classname="tests.backend_test.TestCartVariants" name="test_cart_requires_auth" time="0.470" /><testcase classname="tests.backend_test.TestCheckout" name="test_checkout_under_threshold_charges_flat_shipping" time="1.384" /><testcase classname="tests.backend_test.TestCartVariants" name="test_add_same_product_same_variant_increments" time="1.081" /><testcase classname="tests.backend_test.TestCheckout" name="test_checkout_over_threshold_free_shipping" time="0.715" /><testcase classname="tests.backend_test.TestCartVariants" name="test_add_same_product_different_variant_creates_new_line" time="0.869" /><testcase classname="tests.backend_test.TestCheckout" name="test_checkout_uses_variant_unit_price_not_base" time="0.651" /><testcase classname="tests.backend_test.TestCartVariants" name="test_update_updates_only_matching_variant" time="0.701" /><testcase classname="tests.backend_test.TestCheckout" name="test_checkout_empty_cart_400" time="0.369" /><testcase classname="tests.backend_test.TestCheckout" name="test_my_orders_preserves_variant_label" time="0.644" /><testcase classname="tests.backend_test.TestCartVariants" name="test_remove_removes_only_matching_variant" time="0.987" /><testcase classname="tests.backend_test.TestCartVariants" name="test_get_cart_returns_variant_and_unit_price" time="0.469" /><testcase classname="tests.backend_test.TestCheckout" name="test_admin_orders_requires_admin" time="0.777" /><testcase classname="tests.backend_test.TestAuth" name="test_register_sets_cookies" time="0.339" /><testcase classname="tests.backend_test.TestProducts" name="test_categories_include_iwi_three" time="0.296" /><testcase classname="tests.backend_test.TestProducts" name="test_size_variants_persist" time="0.384" /><testcase classname="tests.backend_test.TestAuth" name="test_login_wrong_password" time="0.667" /><testcase classname="tests.backend_test.TestAuth" name="test_me_requires_cookies" time="0.358" /><testcase classname="tests.backend_test.TestProducts" name="test_non_admin_cannot_create" time="0.565" /><testcase classname="tests.backend_test.TestProducts" name="test_invalid_id_400" time="0.157" /><testcase classname="tests.backend_test.TestAuth" name="test_admin_login" time="0.379" /><testcase classname="tests.backend_test.TestProducts" name="test_not_found_404" time="0.265" /><testcase classname="tests.backend_test.TestShippingConfig" name="test_shipping_config_from_env" time="0.368" /><testcase classname="tests.backend_test.TestAuth" name="test_bcrypt_hash_format" time="0.427" /></testsuite></testsuites>