<?xml version="1.0" encoding="utf-8"?><testsuites name="pytest tests"><testsuite name="pytest" errors="0" failures="3" skipped="0" tests="15" time="4.902" timestamp="2026-07-18T15:09:42.665794+00:00" hostname="agent-env-f5033a39-0574-439a-9ecb-bf503f651358"><testcase classname="tests.test_iter3_reviews_razorpay_cors.TestRazorpayUnconfigured" name="test_public_config_disabled" time="0.163" /><testcase classname="tests.test_iter3_reviews_razorpay_cors.TestRazorpayUnconfigured" name="test_create_razorpay_503_when_unconfigured" time="0.519" /><testcase classname="tests.test_iter3_reviews_razorpay_cors.TestReviewsGating" name="test_list_reviews_empty_public" time="0.742" /><testcase classname="tests.test_iter3_reviews_razorpay_cors.TestRazorpayUnconfigured" name="test_verify_razorpay_503_when_unconfigured" time="0.375" /><testcase classname="tests.test_iter3_reviews_razorpay_cors.TestReviewsGating" name="test_eligibility_requires_auth" time="0.270" /><testcase classname="tests.test_iter3_reviews_razorpay_cors.TestReviewsGating" name="test_eligibility_for_fresh_user" time="0.481" /><testcase classname="tests.test_iter3_reviews_razorpay_cors.TestRazorpayUnconfigured" name="test_razorpay_endpoints_require_auth" time="0.367" /><testcase classname="tests.test_iter3_reviews_razorpay_cors.TestCORSLockdown" name="test_allowed_origin_echoed" time="0.152"><failure message="AssertionError: Expected explicit allowed origin, got: '*'&#10;assert '*' == 'https://shop...gentagent.com'&#10;  &#10;  - https://shop-engine-57.preview.emergentagent.com&#10;  + *">backend/tests/test_iter3_reviews_razorpay_cors.py:240: in test_allowed_origin_echoed
    assert aco == ALLOWED_ORIGIN, f"Expected explicit allowed origin, got: {aco!r}"
E   AssertionError: Expected explicit allowed origin, got: '*'
E   assert '*' == 'https://shop...gentagent.com'
E     
E     - https://shop-engine-57.preview.emergentagent.com
E     + *</failure></testcase><testcase classname="tests.test_iter3_reviews_razorpay_cors.TestReviewsGating" name="test_non_purchaser_cannot_review" time="0.438" /><testcase classname="tests.test_iter3_reviews_razorpay_cors.TestCORSLockdown" name="test_disallowed_origin_no_cors" time="0.264"><failure message="AssertionError: CORS is a wildcard — should be locked down&#10;assert '*' != '*'">backend/tests/test_iter3_reviews_razorpay_cors.py:250: in test_disallowed_origin_no_cors
    assert aco != "*", "CORS is a wildcard — should be locked down"
E   AssertionError: CORS is a wildcard — should be locked down
E   assert '*' != '*'</failure></testcase><testcase classname="tests.test_iter3_reviews_razorpay_cors.TestCORSLockdown" name="test_preflight_allowed_origin" time="0.067"><failure message="AssertionError: assert '*' == 'https://shop...gentagent.com'&#10;  &#10;  - https://shop-engine-57.preview.emergentagent.com&#10;  + *">backend/tests/test_iter3_reviews_razorpay_cors.py:262: in test_preflight_allowed_origin
    assert aco == ALLOWED_ORIGIN
E   AssertionError: assert '*' == 'https://shop...gentagent.com'
E     
E     - https://shop-engine-57.preview.emergentagent.com
E     + *</failure></testcase><testcase classname="tests.test_iter3_reviews_razorpay_cors.TestReviewsGating" name="test_post_review_requires_auth" time="0.098" /><testcase classname="tests.test_iter3_reviews_razorpay_cors.TestSecureCookie" name="test_login_sets_secure_httponly_cookie" time="0.383" /><testcase classname="tests.test_iter3_reviews_razorpay_cors.TestVerifiedPurchaserFlow" name="test_e2e_verified_review_and_recompute" time="1.087" /><testcase classname="tests.test_iter3_reviews_razorpay_cors.TestVerifiedPurchaserFlow" name="test_rating_averages_across_two_purchasers" time="1.250" /></testsuite></testsuites>